<?xml version="1.0" encoding="UTF-8"?>
<testng-results ignored="0" total="1" passed="1" failed="0" skipped="0">
  <reporter-output>
  </reporter-output>
  <suite started-at="2021-05-05T12:45:53 IST" name="Suite" finished-at="2021-05-05T12:46:08 IST" duration-ms="15668">
    <groups>
    </groups>
    <test started-at="2021-05-05T12:45:53 IST" name="Test" finished-at="2021-05-05T12:46:08 IST" duration-ms="15668">
      <class name="qascripts.flipkart1">
        <test-method signature="verifylogin()[pri:0, instance:qascripts.flipkart1@36d585c]" started-at="2021-05-05T12:45:53 IST" name="verifylogin" finished-at="2021-05-05T12:46:08 IST" duration-ms="15569" status="PASS">
          <reporter-output>
          </reporter-output>
        </test-method> <!-- verifylogin -->
      </class> <!-- qascripts.flipkart1 -->
    </test> <!-- Test -->
  </suite> <!-- Suite -->
</testng-results>
